<?xml version="1.0" encoding="UTF-8"?>
<testsuite xmlns:xsi="http://www.w3.org/2001/XMLSchema-instance" xsi:noNamespaceSchemaLocation="https://maven.apache.org/surefire/maven-surefire-plugin/xsd/surefire-test-report-3.0.xsd" version="3.0" name="sbst.calculator.CalculatorService_ESTest" time="1.098" tests="3" errors="0" skipped="0" failures="0">
  <properties>
[...]
</properties>
  <testcase name="test1" classname="sbst.calculator.CalculatorService_ESTest" time="0.032">
    <system-out><![CDATA[14:15:04.134 [main] INFO org.evosuite.runtime.instrumentation.EvoClassLoader - Seeing class for first time: sbst.calculator.CalculatorService_ESTest
14:15:04.138 [main] INFO org.evosuite.runtime.instrumentation.EvoClassLoader - Instrumenting class 'sbst.calculator.CalculatorService_ESTest'.
14:15:04.180 [main] INFO org.evosuite.runtime.instrumentation.EvoClassLoader - Seeing class for first time: sbst.calculator.CalculatorService_ESTest_scaffolding
14:15:04.180 [main] INFO org.evosuite.runtime.instrumentation.EvoClassLoader - Instrumenting class 'sbst.calculator.CalculatorService_ESTest_scaffolding'.
14:15:04.182 [main] INFO org.evosuite.runtime.instrumentation.EvoClassLoader - Keeping class: sbst.calculator.CalculatorService_ESTest_scaffolding
14:15:04.183 [main] INFO org.evosuite.runtime.instrumentation.EvoClassLoader - Keeping class: sbst.calculator.CalculatorService_ESTest
14:15:04.754 [main] DEBUG org.evosuite.runtime.sandbox.MSecurityManager - Adding privileged thread: "Reference Handler"
14:15:04.754 [main] DEBUG org.evosuite.runtime.sandbox.MSecurityManager - Adding privileged thread: "Finalizer"
14:15:04.754 [main] DEBUG org.evosuite.runtime.sandbox.MSecurityManager - Adding privileged thread: "Signal Dispatcher"
14:15:04.754 [main] DEBUG org.evosuite.runtime.sandbox.MSecurityManager - Adding privileged thread: "Attach Listener"
14:15:04.754 [main] DEBUG org.evosuite.runtime.sandbox.MSecurityManager - Adding privileged thread: "Java2D Disposer"
14:15:04.754 [main] DEBUG org.evosuite.runtime.sandbox.MSecurityManager - Adding privileged thread: "AWT-Shutdown"
14:15:04.754 [main] DEBUG org.evosuite.runtime.sandbox.MSecurityManager - Adding privileged thread: "AWT-Windows"
14:15:04.754 [main] DEBUG org.evosuite.runtime.sandbox.MSecurityManager - Adding privileged thread: "main"
14:15:04.754 [main] DEBUG org.evosuite.runtime.sandbox.MSecurityManager - Adding privileged thread: "surefire-forkedjvm-stream-flusher"
14:15:04.754 [main] DEBUG org.evosuite.runtime.sandbox.MSecurityManager - Adding privileged thread: "surefire-forkedjvm-command-thread"
14:15:04.835 [main] INFO org.evosuite.runtime.instrumentation.EvoClassLoader - Seeing class for first time: sbst.calculator.CalculatorService
14:15:04.836 [main] INFO org.evosuite.runtime.instrumentation.EvoClassLoader - Instrumenting class 'sbst.calculator.CalculatorService'.
14:15:04.856 [main] INFO org.evosuite.runtime.instrumentation.MethodCallReplacementClassAdapter - Adding mock interface to class sbst/calculator/CalculatorService
14:15:05.105 [main] INFO org.evosuite.runtime.instrumentation.CreateClassResetClassAdapter - Creating brand-new static initializer in class sbst/calculator/CalculatorService
14:15:05.105 [main] INFO org.evosuite.runtime.instrumentation.CreateClassResetClassAdapter - Adding bytecode for initializing field ADDITION
14:15:05.106 [main] INFO org.evosuite.runtime.instrumentation.CreateClassResetClassAdapter - Adding bytecode for initializing field SUBTRACTION
14:15:05.106 [main] INFO org.evosuite.runtime.instrumentation.CreateClassResetClassAdapter - Adding bytecode for initializing field MULTIPLICATION
14:15:05.106 [main] INFO org.evosuite.runtime.instrumentation.CreateClassResetClassAdapter - Adding bytecode for initializing field DIVISION
14:15:05.108 [main] INFO org.evosuite.runtime.instrumentation.EvoClassLoader - Keeping class: sbst.calculator.CalculatorService
]]></system-out>
  </testcase>
  <testcase name="test0" classname="sbst.calculator.CalculatorService_ESTest" time="0.0"/>
  <testcase name="test2" classname="sbst.calculator.CalculatorService_ESTest" time="0.002"/>
</testsuite>